<?xml version="1.0" encoding="UTF-8"?>
<!-- Generated by org.testng.reporters.JUnitXMLReporter -->
<testsuite ignored="0" hostname="user1" failures="0" tests="6" name="ModuleTest" time="6.559" errors="0" timestamp="2025-04-08T15:56:49 IST">
  <testcase classname="parallelscripts.SampleneTest" name="testone" time="0.01"/>
  <testcase classname="parallelscripts.SampletwoTest" name="testone" time="0.01"/>
  <testcase classname="parallelscripts.SampleneTest" name="testthree" time="3.323"/>
  <testcase classname="parallelscripts.SampletwoTest" name="testthree" time="3.519"/>
  <testcase classname="parallelscripts.SampletwoTest" name="testtwo" time="2.684"/>
  <testcase classname="parallelscripts.SampleneTest" name="testtwo" time="3.149"/>
</testsuite> <!-- ModuleTest -->
