<?xml version="1.0" encoding="UTF-8"?>
<!-- Generated by org.testng.reporters.JUnitXMLReporter -->
<testsuite ignored="0" hostname="user1" failures="0" tests="3" name="ModuleTwoTest" time="7.029" errors="0" timestamp="2025-04-08T15:59:59 IST">
  <testcase classname="parallelscripts.SamplethreeTest" name="testone" time="0.042"/>
  <testcase classname="parallelscripts.SamplethreeTest" name="testthree" time="3.682"/>
  <testcase classname="parallelscripts.SamplethreeTest" name="testtwo" time="3.24"/>
</testsuite> <!-- ModuleTwoTest -->
