<?xml version="1.0" encoding="UTF-8"?>
<!-- Generated by org.testng.reporters.JUnitXMLReporter -->
<testsuite ignored="0" hostname="user1" failures="0" tests="8" name="SampleTest" time="76.082" errors="0" timestamp="2025-04-05T13:07:28 IST">
  <testcase classname="testScripts.GooglePageTest" name="seleniumnSearch" time="9.31"/>
  <testcase classname="testScripts.Mouseactiontest" name="mouse_action" time="16.583"/>
  <testcase classname="testScripts.DropdownTest" name="dropdown" time="10.619"/>
  <testcase classname="testScripts.DynamicElementsTest" name="f" time="4.962"/>
  <testcase classname="testScripts.WebTableTest" name="dynamicwebtable" time="7.029"/>
  <testcase classname="testScripts.isdisplayed" name="seleniumnSearch" time="9.661"/>
  <testcase classname="testScripts.Relativelocator" name="seleniumnSearch" time="4.516"/>
  <testcase classname="testScripts.Checkboxtest" name="seleniumnSearch" time="13.295"/>
</testsuite> <!-- SampleTest -->
