<?xml version="1.0" encoding="UTF-8"?>
<!-- Generated by org.testng.reporters.JUnitXMLReporter -->
<testsuite ignored="0" hostname="user1" failures="1" tests="2" name="SampleTest" time="25.489" errors="0" timestamp="2025-04-07T15:02:00 IST">
  <testcase classname="testScripts.Booksearchtest" name="storiesnovel" time="2.203">
    <failure type="java.lang.AssertionError" message="expected [true] but found [false]">
      <![CDATA[java.lang.AssertionError: expected [true] but found [false]
at testScripts.Booksearchtest.storiesnovel(Booksearchtest.java:85)
at java.base/java.util.ArrayList.forEach(ArrayList.java:1511)
... Removed 31 stack frames]]>
    </failure>
  </testcase> <!-- storiesnovel -->
  <testcase classname="testScripts.Booksearchtest" name="horrernovel" time="2.131"/>
</testsuite> <!-- SampleTest -->
