<?xml version="1.0" encoding="UTF-8"?>
<testng-results ignored="0" total="1" passed="1" failed="0" skipped="0">
  <reporter-output>
  </reporter-output>
  <suite started-at="2025-03-25T17:43:08 IST" name="Default suite" finished-at="2025-03-25T17:43:12 IST" duration-ms="3552">
    <groups>
    </groups>
    <test started-at="2025-03-25T17:43:08 IST" name="Default test" finished-at="2025-03-25T17:43:12 IST" duration-ms="3552">
      <class name="testScripts.Relativelocator">
        <test-method signature="seleniumnSearch()[pri:0, instance:testScripts.Relativelocator@38cee291]" started-at="2025-03-25T17:43:08 IST" name="seleniumnSearch" finished-at="2025-03-25T17:43:12 IST" duration-ms="3493" status="PASS">
          <reporter-output>
          </reporter-output>
        </test-method> <!-- seleniumnSearch -->
      </class> <!-- testScripts.Relativelocator -->
    </test> <!-- Default test -->
  </suite> <!-- Default suite -->
</testng-results>
